This is pdfTeX, Version 3.14159265-2.6-1.40.16 (MiKTeX 2.9) (preloaded format=pdflatex 2015.9.26)  25 NOV 2015 20:40
entering extended mode
**presentation.tex
(presentation.tex
LaTeX2e <2015/01/01> patch level 2
Babel <3.9m> and hyphenation patterns for 69 languages loaded.
("C:\Program Files (x86)\MiKTeX 2.9\tex\latex\base\article.cls"
Document Class: article 2014/09/29 v1.4h Standard LaTeX document class
("C:\Program Files (x86)\MiKTeX 2.9\tex\latex\base\size10.clo"
File: size10.clo 2014/09/29 v1.4h Standard LaTeX file (size option)
)
\c@part=\count79
\c@section=\count80
\c@subsection=\count81
\c@subsubsection=\count82
\c@paragraph=\count83
\c@subparagraph=\count84
\c@figure=\count85
\c@table=\count86
\abovecaptionskip=\skip41
\belowcaptionskip=\skip42
\bibindent=\dimen102
)
("C:\Program Files (x86)\MiKTeX 2.9\tex\latex\graphics\color.sty"
Package: color 2014/10/28 v1.1a Standard LaTeX Color (DPC)

("C:\Program Files (x86)\MiKTeX 2.9\tex\latex\00miktex\color.cfg"
File: color.cfg 2007/01/18 v1.5 color configuration of teTeX/TeXLive
)
Package color Info: Driver file: pdftex.def on input line 142.

("C:\Program Files (x86)\MiKTeX 2.9\tex\latex\pdftex-def\pdftex.def"
File: pdftex.def 2011/05/27 v0.06d Graphics/color for pdfTeX

("C:\Program Files (x86)\MiKTeX 2.9\tex\generic\oberdiek\infwarerr.sty"
Package: infwarerr 2010/04/08 v1.3 Providing info/warning/error messages (HO)
)
("C:\Program Files (x86)\MiKTeX 2.9\tex\generic\oberdiek\ltxcmds.sty"
Package: ltxcmds 2011/11/09 v1.22 LaTeX kernel commands for general use (HO)
)
\Gread@gobject=\count87
))
("C:\Program Files (x86)\MiKTeX 2.9\tex\latex\graphics\graphicx.sty"
Package: graphicx 2014/10/28 v1.0g Enhanced LaTeX Graphics (DPC,SPQR)

("C:\Program Files (x86)\MiKTeX 2.9\tex\latex\graphics\keyval.sty"
Package: keyval 2014/10/28 v1.15 key=value parser (DPC)
\KV@toks@=\toks14
)
("C:\Program Files (x86)\MiKTeX 2.9\tex\latex\graphics\graphics.sty"
Package: graphics 2014/10/28 v1.0p Standard LaTeX Graphics (DPC,SPQR)

("C:\Program Files (x86)\MiKTeX 2.9\tex\latex\graphics\trig.sty"
Package: trig 1999/03/16 v1.09 sin cos tan (DPC)
)
("C:\Program Files (x86)\MiKTeX 2.9\tex\latex\00miktex\graphics.cfg"
File: graphics.cfg 2007/01/18 v1.5 graphics configuration of teTeX/TeXLive
)
Package graphics Info: Driver file: pdftex.def on input line 94.
)
\Gin@req@height=\dimen103
\Gin@req@width=\dimen104
)
("C:\Program Files (x86)\MiKTeX 2.9\tex\latex\tools\tabularx.sty"
Package: tabularx 2014/10/28 v2.10 `tabularx' package (DPC)

("C:\Program Files (x86)\MiKTeX 2.9\tex\latex\tools\array.sty"
Package: array 2014/10/28 v2.4c Tabular extension package (FMi)
\col@sep=\dimen105
\extrarowheight=\dimen106
\NC@list=\toks15
\extratabsurround=\skip43
\backup@length=\skip44
)
\TX@col@width=\dimen107
\TX@old@table=\dimen108
\TX@old@col=\dimen109
\TX@target=\dimen110
\TX@delta=\dimen111
\TX@cols=\count88
\TX@ftn=\toks16
)
("C:\Program Files (x86)\MiKTeX 2.9\tex\generic\babel\babel.sty"
Package: babel 2015/08/03 3.9m The Babel package

*************************************
* Local config file bblopts.cfg used
*
("C:\Program Files (x86)\MiKTeX 2.9\tex\latex\00miktex\bblopts.cfg"
File: bblopts.cfg 2006/07/31 v1.0 MiKTeX 'babel' configuration
)
("C:\Program Files (x86)\MiKTeX 2.9\tex\latex\babel-french\frenchb.ldf"
Language: frenchb 2015/10/04 v3.1i French support from the babel system

("C:\Program Files (x86)\MiKTeX 2.9\tex\generic\babel\babel.def"
File: babel.def 2015/08/03 3.9m Babel common definitions
\babel@savecnt=\count89
\U@D=\dimen112
)
\l@acadian = a dialect from \language\l@french 
\l@canadien = a dialect from \language\l@french 
\FBcolonskip=\skip45
\FBthinskip=\skip46
\FB@interchartokenstateORI=\count90
Package babel Info: Making : an active character on input line 356.
Package babel Info: Making ; an active character on input line 357.
Package babel Info: Making ! an active character on input line 358.
Package babel Info: Making ? an active character on input line 359.
\FBguillskip=\skip47
\FBguill@level=\count91
\FB@Mht=\dimen113
\std@mcc=\count92
\dec@mcc=\count93
\listindentFB=\skip48
\labelwidthFB=\skip49
\leftmarginFB=\skip50
\parindentFFN=\dimen114
))
("C:\Program Files (x86)\MiKTeX 2.9\tex\latex\carlisle\scalefnt.sty")
("C:\Program Files (x86)\MiKTeX 2.9\tex\latex\base\inputenc.sty"
Package: inputenc 2015/03/17 v1.2c Input encoding file
\inpenc@prehook=\toks17
\inpenc@posthook=\toks18

("C:\Program Files (x86)\MiKTeX 2.9\tex\latex\base\utf8.def"
File: utf8.def 2015/06/27 v1.1n UTF-8 support for inputenc
Now handling font encoding OML ...
... no UTF-8 mapping file for font encoding OML
Now handling font encoding T1 ...
... processing UTF-8 mapping file for font encoding T1

("C:\Program Files (x86)\MiKTeX 2.9\tex\latex\base\t1enc.dfu"
File: t1enc.dfu 2015/06/27 v1.1n UTF-8 support for inputenc
   defining Unicode char U+00A1 (decimal 161)
   defining Unicode char U+00A3 (decimal 163)
   defining Unicode char U+00AB (decimal 171)
   defining Unicode char U+00BB (decimal 187)
   defining Unicode char U+00BF (decimal 191)
   defining Unicode char U+00C0 (decimal 192)
   defining Unicode char U+00C1 (decimal 193)
   defining Unicode char U+00C2 (decimal 194)
   defining Unicode char U+00C3 (decimal 195)
   defining Unicode char U+00C4 (decimal 196)
   defining Unicode char U+00C5 (decimal 197)
   defining Unicode char U+00C6 (decimal 198)
   defining Unicode char U+00C7 (decimal 199)
   defining Unicode char U+00C8 (decimal 200)
   defining Unicode char U+00C9 (decimal 201)
   defining Unicode char U+00CA (decimal 202)
   defining Unicode char U+00CB (decimal 203)
   defining Unicode char U+00CC (decimal 204)
   defining Unicode char U+00CD (decimal 205)
   defining Unicode char U+00CE (decimal 206)
   defining Unicode char U+00CF (decimal 207)
   defining Unicode char U+00D0 (decimal 208)
   defining Unicode char U+00D1 (decimal 209)
   defining Unicode char U+00D2 (decimal 210)
   defining Unicode char U+00D3 (decimal 211)
   defining Unicode char U+00D4 (decimal 212)
   defining Unicode char U+00D5 (decimal 213)
   defining Unicode char U+00D6 (decimal 214)
   defining Unicode char U+00D8 (decimal 216)
   defining Unicode char U+00D9 (decimal 217)
   defining Unicode char U+00DA (decimal 218)
   defining Unicode char U+00DB (decimal 219)
   defining Unicode char U+00DC (decimal 220)
   defining Unicode char U+00DD (decimal 221)
   defining Unicode char U+00DE (decimal 222)
   defining Unicode char U+00DF (decimal 223)
   defining Unicode char U+00E0 (decimal 224)
   defining Unicode char U+00E1 (decimal 225)
   defining Unicode char U+00E2 (decimal 226)
   defining Unicode char U+00E3 (decimal 227)
   defining Unicode char U+00E4 (decimal 228)
   defining Unicode char U+00E5 (decimal 229)
   defining Unicode char U+00E6 (decimal 230)
   defining Unicode char U+00E7 (decimal 231)
   defining Unicode char U+00E8 (decimal 232)
   defining Unicode char U+00E9 (decimal 233)
   defining Unicode char U+00EA (decimal 234)
   defining Unicode char U+00EB (decimal 235)
   defining Unicode char U+00EC (decimal 236)
   defining Unicode char U+00ED (decimal 237)
   defining Unicode char U+00EE (decimal 238)
   defining Unicode char U+00EF (decimal 239)
   defining Unicode char U+00F0 (decimal 240)
   defining Unicode char U+00F1 (decimal 241)
   defining Unicode char U+00F2 (decimal 242)
   defining Unicode char U+00F3 (decimal 243)
   defining Unicode char U+00F4 (decimal 244)
   defining Unicode char U+00F5 (decimal 245)
   defining Unicode char U+00F6 (decimal 246)
   defining Unicode char U+00F8 (decimal 248)
   defining Unicode char U+00F9 (decimal 249)
   defining Unicode char U+00FA (decimal 250)
   defining Unicode char U+00FB (decimal 251)
   defining Unicode char U+00FC (decimal 252)
   defining Unicode char U+00FD (decimal 253)
   defining Unicode char U+00FE (decimal 254)
   defining Unicode char U+00FF (decimal 255)
   defining Unicode char U+0102 (decimal 258)
   defining Unicode char U+0103 (decimal 259)
   defining Unicode char U+0104 (decimal 260)
   defining Unicode char U+0105 (decimal 261)
   defining Unicode char U+0106 (decimal 262)
   defining Unicode char U+0107 (decimal 263)
   defining Unicode char U+010C (decimal 268)
   defining Unicode char U+010D (decimal 269)
   defining Unicode char U+010E (decimal 270)
   defining Unicode char U+010F (decimal 271)
   defining Unicode char U+0110 (decimal 272)
   defining Unicode char U+0111 (decimal 273)
   defining Unicode char U+0118 (decimal 280)
   defining Unicode char U+0119 (decimal 281)
   defining Unicode char U+011A (decimal 282)
   defining Unicode char U+011B (decimal 283)
   defining Unicode char U+011E (decimal 286)
   defining Unicode char U+011F (decimal 287)
   defining Unicode char U+0130 (decimal 304)
   defining Unicode char U+0131 (decimal 305)
   defining Unicode char U+0132 (decimal 306)
   defining Unicode char U+0133 (decimal 307)
   defining Unicode char U+0139 (decimal 313)
   defining Unicode char U+013A (decimal 314)
   defining Unicode char U+013D (decimal 317)
   defining Unicode char U+013E (decimal 318)
   defining Unicode char U+0141 (decimal 321)
   defining Unicode char U+0142 (decimal 322)
   defining Unicode char U+0143 (decimal 323)
   defining Unicode char U+0144 (decimal 324)
   defining Unicode char U+0147 (decimal 327)
   defining Unicode char U+0148 (decimal 328)
   defining Unicode char U+014A (decimal 330)
   defining Unicode char U+014B (decimal 331)
   defining Unicode char U+0150 (decimal 336)
   defining Unicode char U+0151 (decimal 337)
   defining Unicode char U+0152 (decimal 338)
   defining Unicode char U+0153 (decimal 339)
   defining Unicode char U+0154 (decimal 340)
   defining Unicode char U+0155 (decimal 341)
   defining Unicode char U+0158 (decimal 344)
   defining Unicode char U+0159 (decimal 345)
   defining Unicode char U+015A (decimal 346)
   defining Unicode char U+015B (decimal 347)
   defining Unicode char U+015E (decimal 350)
   defining Unicode char U+015F (decimal 351)
   defining Unicode char U+0160 (decimal 352)
   defining Unicode char U+0161 (decimal 353)
   defining Unicode char U+0162 (decimal 354)
   defining Unicode char U+0163 (decimal 355)
   defining Unicode char U+0164 (decimal 356)
   defining Unicode char U+0165 (decimal 357)
   defining Unicode char U+016E (decimal 366)
   defining Unicode char U+016F (decimal 367)
   defining Unicode char U+0170 (decimal 368)
   defining Unicode char U+0171 (decimal 369)
   defining Unicode char U+0178 (decimal 376)
   defining Unicode char U+0179 (decimal 377)
   defining Unicode char U+017A (decimal 378)
   defining Unicode char U+017B (decimal 379)
   defining Unicode char U+017C (decimal 380)
   defining Unicode char U+017D (decimal 381)
   defining Unicode char U+017E (decimal 382)
   defining Unicode char U+200C (decimal 8204)
   defining Unicode char U+2013 (decimal 8211)
   defining Unicode char U+2014 (decimal 8212)
   defining Unicode char U+2018 (decimal 8216)
   defining Unicode char U+2019 (decimal 8217)
   defining Unicode char U+201A (decimal 8218)
   defining Unicode char U+201C (decimal 8220)
   defining Unicode char U+201D (decimal 8221)
   defining Unicode char U+201E (decimal 8222)
   defining Unicode char U+2030 (decimal 8240)
   defining Unicode char U+2031 (decimal 8241)
   defining Unicode char U+2039 (decimal 8249)
   defining Unicode char U+203A (decimal 8250)
   defining Unicode char U+2423 (decimal 9251)
)
Now handling font encoding OT1 ...
... processing UTF-8 mapping file for font encoding OT1

("C:\Program Files (x86)\MiKTeX 2.9\tex\latex\base\ot1enc.dfu"
File: ot1enc.dfu 2015/06/27 v1.1n UTF-8 support for inputenc
   defining Unicode char U+00A1 (decimal 161)
   defining Unicode char U+00A3 (decimal 163)
   defining Unicode char U+00B8 (decimal 184)
   defining Unicode char U+00BF (decimal 191)
   defining Unicode char U+00C5 (decimal 197)
   defining Unicode char U+00C6 (decimal 198)
   defining Unicode char U+00D8 (decimal 216)
   defining Unicode char U+00DF (decimal 223)
   defining Unicode char U+00E6 (decimal 230)
   defining Unicode char U+00EC (decimal 236)
   defining Unicode char U+00ED (decimal 237)
   defining Unicode char U+00EE (decimal 238)
   defining Unicode char U+00EF (decimal 239)
   defining Unicode char U+00F8 (decimal 248)
   defining Unicode char U+0131 (decimal 305)
   defining Unicode char U+0141 (decimal 321)
   defining Unicode char U+0142 (decimal 322)
   defining Unicode char U+0152 (decimal 338)
   defining Unicode char U+0153 (decimal 339)
   defining Unicode char U+2013 (decimal 8211)
   defining Unicode char U+2014 (decimal 8212)
   defining Unicode char U+2018 (decimal 8216)
   defining Unicode char U+2019 (decimal 8217)
   defining Unicode char U+201C (decimal 8220)
   defining Unicode char U+201D (decimal 8221)
)
Now handling font encoding OMS ...
... processing UTF-8 mapping file for font encoding OMS

("C:\Program Files (x86)\MiKTeX 2.9\tex\latex\base\omsenc.dfu"
File: omsenc.dfu 2015/06/27 v1.1n UTF-8 support for inputenc
   defining Unicode char U+00A7 (decimal 167)
   defining Unicode char U+00B6 (decimal 182)
   defining Unicode char U+00B7 (decimal 183)
   defining Unicode char U+2020 (decimal 8224)
   defining Unicode char U+2021 (decimal 8225)
   defining Unicode char U+2022 (decimal 8226)
)
Now handling font encoding OMX ...
... no UTF-8 mapping file for font encoding OMX
Now handling font encoding U ...
... no UTF-8 mapping file for font encoding U
   defining Unicode char U+00A9 (decimal 169)
   defining Unicode char U+00AA (decimal 170)
   defining Unicode char U+00AE (decimal 174)
   defining Unicode char U+00BA (decimal 186)
   defining Unicode char U+02C6 (decimal 710)
   defining Unicode char U+02DC (decimal 732)
   defining Unicode char U+200C (decimal 8204)
   defining Unicode char U+2026 (decimal 8230)
   defining Unicode char U+2122 (decimal 8482)
   defining Unicode char U+2423 (decimal 9251)
))
("C:\Program Files (x86)\MiKTeX 2.9\tex\latex\base\fontenc.sty"
Package: fontenc 2005/09/27 v1.99g Standard LaTeX package

("C:\Program Files (x86)\MiKTeX 2.9\tex\latex\base\t1enc.def"
File: t1enc.def 2005/09/27 v1.99g Standard LaTeX file
LaTeX Font Info:    Redeclaring font encoding T1 on input line 48.
))
("C:\Program Files (x86)\MiKTeX 2.9\tex\latex\lm\lmodern.sty"
Package: lmodern 2009/10/30 v1.6 Latin Modern Fonts
LaTeX Font Info:    Overwriting symbol font `operators' in version `normal'
(Font)                  OT1/cmr/m/n --> OT1/lmr/m/n on input line 22.
LaTeX Font Info:    Overwriting symbol font `letters' in version `normal'
(Font)                  OML/cmm/m/it --> OML/lmm/m/it on input line 23.
LaTeX Font Info:    Overwriting symbol font `symbols' in version `normal'
(Font)                  OMS/cmsy/m/n --> OMS/lmsy/m/n on input line 24.
LaTeX Font Info:    Overwriting symbol font `largesymbols' in version `normal'
(Font)                  OMX/cmex/m/n --> OMX/lmex/m/n on input line 25.
LaTeX Font Info:    Overwriting symbol font `operators' in version `bold'
(Font)                  OT1/cmr/bx/n --> OT1/lmr/bx/n on input line 26.
LaTeX Font Info:    Overwriting symbol font `letters' in version `bold'
(Font)                  OML/cmm/b/it --> OML/lmm/b/it on input line 27.
LaTeX Font Info:    Overwriting symbol font `symbols' in version `bold'
(Font)                  OMS/cmsy/b/n --> OMS/lmsy/b/n on input line 28.
LaTeX Font Info:    Overwriting symbol font `largesymbols' in version `bold'
(Font)                  OMX/cmex/m/n --> OMX/lmex/m/n on input line 29.
LaTeX Font Info:    Overwriting math alphabet `\mathbf' in version `normal'
(Font)                  OT1/cmr/bx/n --> OT1/lmr/bx/n on input line 31.
LaTeX Font Info:    Overwriting math alphabet `\mathsf' in version `normal'
(Font)                  OT1/cmss/m/n --> OT1/lmss/m/n on input line 32.
LaTeX Font Info:    Overwriting math alphabet `\mathit' in version `normal'
(Font)                  OT1/cmr/m/it --> OT1/lmr/m/it on input line 33.
LaTeX Font Info:    Overwriting math alphabet `\mathtt' in version `normal'
(Font)                  OT1/cmtt/m/n --> OT1/lmtt/m/n on input line 34.
LaTeX Font Info:    Overwriting math alphabet `\mathbf' in version `bold'
(Font)                  OT1/cmr/bx/n --> OT1/lmr/bx/n on input line 35.
LaTeX Font Info:    Overwriting math alphabet `\mathsf' in version `bold'
(Font)                  OT1/cmss/bx/n --> OT1/lmss/bx/n on input line 36.
LaTeX Font Info:    Overwriting math alphabet `\mathit' in version `bold'
(Font)                  OT1/cmr/bx/it --> OT1/lmr/bx/it on input line 37.
LaTeX Font Info:    Overwriting math alphabet `\mathtt' in version `bold'
(Font)                  OT1/cmtt/m/n --> OT1/lmtt/m/n on input line 38.
)
("C:\Program Files (x86)\MiKTeX 2.9\tex\latex\geometry\geometry.sty"
Package: geometry 2010/09/12 v5.6 Page Geometry

("C:\Program Files (x86)\MiKTeX 2.9\tex\generic\oberdiek\ifpdf.sty"
Package: ifpdf 2011/01/30 v2.3 Provides the ifpdf switch (HO)
Package ifpdf Info: pdfTeX in PDF mode is detected.
)
("C:\Program Files (x86)\MiKTeX 2.9\tex\generic\oberdiek\ifvtex.sty"
Package: ifvtex 2010/03/01 v1.5 Detect VTeX and its facilities (HO)
Package ifvtex Info: VTeX not detected.
)
("C:\Program Files (x86)\MiKTeX 2.9\tex\generic\ifxetex\ifxetex.sty"
Package: ifxetex 2010/09/12 v0.6 Provides ifxetex conditional
)
\Gm@cnth=\count94
\Gm@cntv=\count95
\c@Gm@tempcnt=\count96
\Gm@bindingoffset=\dimen115
\Gm@wd@mp=\dimen116
\Gm@odd@mp=\dimen117
\Gm@even@mp=\dimen118
\Gm@layoutwidth=\dimen119
\Gm@layoutheight=\dimen120
\Gm@layouthoffset=\dimen121
\Gm@layoutvoffset=\dimen122
\Gm@dimlist=\toks19

("C:\Program Files (x86)\MiKTeX 2.9\tex\latex\geometry\geometry.cfg"))
("C:\Program Files (x86)\MiKTeX 2.9\tex\latex\wrapfig\wrapfig.sty"
\wrapoverhang=\dimen123
\WF@size=\dimen124
\c@WF@wrappedlines=\count97
\WF@box=\box26
\WF@everypar=\toks20
Package: wrapfig 2003/01/31  v 3.6
)
("C:\Program Files (x86)\MiKTeX 2.9\tex\latex\lipsum\lipsum.sty"
Package: lipsum 2014/07/27 v1.3 150 paragraphs of Lorem Ipsum dummy text
\c@lips@count=\count98
)
("C:\Program Files (x86)\MiKTeX 2.9\tex\latex\fancyhdr\fancyhdr.sty"
\fancy@headwidth=\skip51
\f@ncyO@elh=\skip52
\f@ncyO@erh=\skip53
\f@ncyO@olh=\skip54
\f@ncyO@orh=\skip55
\f@ncyO@elf=\skip56
\f@ncyO@erf=\skip57
\f@ncyO@olf=\skip58
\f@ncyO@orf=\skip59
)
(presentation.aux)
LaTeX Font Info:    Checking defaults for OML/cmm/m/it on input line 39.
LaTeX Font Info:    ... okay on input line 39.
LaTeX Font Info:    Checking defaults for T1/cmr/m/n on input line 39.
LaTeX Font Info:    ... okay on input line 39.
LaTeX Font Info:    Checking defaults for OT1/cmr/m/n on input line 39.
LaTeX Font Info:    ... okay on input line 39.
LaTeX Font Info:    Checking defaults for OMS/cmsy/m/n on input line 39.
LaTeX Font Info:    ... okay on input line 39.
LaTeX Font Info:    Checking defaults for OMX/cmex/m/n on input line 39.
LaTeX Font Info:    ... okay on input line 39.
LaTeX Font Info:    Checking defaults for U/cmr/m/n on input line 39.
LaTeX Font Info:    ... okay on input line 39.
LaTeX Font Info:    Try loading font information for T1+lmr on input line 39.
 ("C:\Program Files (x86)\MiKTeX 2.9\tex\latex\lm\t1lmr.fd"
File: t1lmr.fd 2009/10/30 v1.6 Font defs for Latin Modern
)
("C:\Program Files (x86)\MiKTeX 2.9\tex\context\base\supp-pdf.mkii"
[Loading MPS to PDF converter (version 2006.09.02).]
\scratchcounter=\count99
\scratchdimen=\dimen125
\scratchbox=\box27
\nofMPsegments=\count100
\nofMParguments=\count101
\everyMPshowfont=\toks21
\MPscratchCnt=\count102
\MPscratchDim=\dimen126
\MPnumerator=\count103
\makeMPintoPDFobject=\count104
\everyMPtoPDFconversion=\toks22
)
LaTeX Info: Redefining \degres on input line 39.
LaTeX Info: Redefining \dots on input line 39.
LaTeX Info: Redefining \up on input line 39.

*geometry* driver: auto-detecting
*geometry* detected driver: pdftex
*geometry* verbose mode - [ preamble ] result:
* driver: pdftex
* paper: <default>
* layout: <same size as paper>
* layoutoffset:(h,v)=(0.0pt,0.0pt)
* modes: 
* h-part:(L,W,R)=(92.14519pt, 430.00462pt, 92.14519pt)
* v-part:(T,H,B)=(56.9055pt, 681.15898pt, 56.9055pt)
* \paperwidth=614.295pt
* \paperheight=794.96999pt
* \textwidth=430.00462pt
* \textheight=681.15898pt
* \oddsidemargin=19.8752pt
* \evensidemargin=19.8752pt
* \topmargin=-52.36449pt
* \headheight=12.0pt
* \headsep=25.0pt
* \topskip=10.0pt
* \footskip=30.0pt
* \marginparwidth=65.0pt
* \marginparsep=11.0pt
* \columnsep=10.0pt
* \skip\footins=9.0pt plus 4.0pt minus 2.0pt
* \hoffset=0.0pt
* \voffset=0.0pt
* \mag=1000
* \@twocolumnfalse
* \@twosidefalse
* \@mparswitchfalse
* \@reversemarginfalse
* (1in=72.27pt=25.4mm, 1cm=28.453pt)

<0.jpg, id=1, 139.722pt x 93.4692pt>
File: 0.jpg Graphic file (type jpg)
 <use 0.jpg>
Package pdftex.def Info: 0.jpg used on input line 46.
(pdftex.def)             Requested size: 430.00462pt x 287.66351pt.
LaTeX Font Info:    Try loading font information for OT1+lmr on input line 51.

("C:\Program Files (x86)\MiKTeX 2.9\tex\latex\lm\ot1lmr.fd"
File: ot1lmr.fd 2009/10/30 v1.6 Font defs for Latin Modern
)
LaTeX Font Info:    Try loading font information for OML+lmm on input line 51.

("C:\Program Files (x86)\MiKTeX 2.9\tex\latex\lm\omllmm.fd"
File: omllmm.fd 2009/10/30 v1.6 Font defs for Latin Modern
)
LaTeX Font Info:    Try loading font information for OMS+lmsy on input line 51.


("C:\Program Files (x86)\MiKTeX 2.9\tex\latex\lm\omslmsy.fd"
File: omslmsy.fd 2009/10/30 v1.6 Font defs for Latin Modern
)
LaTeX Font Info:    Try loading font information for OMX+lmex on input line 51.


("C:\Program Files (x86)\MiKTeX 2.9\tex\latex\lm\omxlmex.fd"
File: omxlmex.fd 2009/10/30 v1.6 Font defs for Latin Modern
)
LaTeX Font Info:    External font `lmex10' loaded for size
(Font)              <10> on input line 51.
LaTeX Font Info:    External font `lmex10' loaded for size
(Font)              <7> on input line 51.
LaTeX Font Info:    External font `lmex10' loaded for size
(Font)              <5> on input line 51.
 [1{D:/AppData/Local/MiKTeX/2.9/pdftex/config/pdftex.map}

 <./0.jpg>] (presentation.toc [2])
\tf@toc=\write3

[3] [4]
Overfull \hbox (6.79999pt too wide) in paragraph at lines 69--99
[]
 []


Overfull \hbox (6.79999pt too wide) in paragraph at lines 69--99
[]
 []


Overfull \hbox (6.79999pt too wide) in paragraph at lines 69--99
[]
 []


Overfull \hbox (6.79999pt too wide) in paragraph at lines 69--99
[]
 []

[5]
Overfull \hbox (6.79999pt too wide) in paragraph at lines 109--125
[]
 []


Overfull \hbox (6.79999pt too wide) in paragraph at lines 126--134
[]
 []


Overfull \hbox (6.79999pt too wide) in paragraph at lines 136--149
[]
 []

[6] <2.png, id=24, 1541.76pt x 803.0pt>
File: 2.png Graphic file (type png)
 <use 2.png>
Package pdftex.def Info: 2.png used on input line 157.
(pdftex.def)             Requested size: 430.00462pt x 223.95627pt.

<3.png, id=25, 1541.76pt x 803.0pt>
File: 3.png Graphic file (type png)
 <use 3.png>
Package pdftex.def Info: 3.png used on input line 165.
(pdftex.def)             Requested size: 430.00462pt x 223.95627pt.

Overfull \hbox (6.79999pt too wide) in paragraph at lines 151--168
[]
 []


Overfull \hbox (6.79999pt too wide) in paragraph at lines 151--168
[]
 []

[7 <./2.png>]
Overfull \hbox (6.79999pt too wide) in paragraph at lines 169--176
[]
 []

[8 <./3.png>]
Overfull \hbox (6.79999pt too wide) in paragraph at lines 182--227
[]
 []


Overfull \hbox (6.79999pt too wide) in paragraph at lines 232--239
[]
 []


Underfull \hbox (badness 10000) in paragraph at lines 232--239

 []

[9]
Overfull \hbox (6.79999pt too wide) in paragraph at lines 248--256
[]
 []


Underfull \hbox (badness 10000) in paragraph at lines 248--256

 []


Overfull \hbox (6.79999pt too wide) in paragraph at lines 257--262
[]
 []


Underfull \hbox (badness 10000) in paragraph at lines 257--262

 []


Overfull \hbox (6.79999pt too wide) in paragraph at lines 263--271
[]
 []


Underfull \hbox (badness 10000) in paragraph at lines 263--271

 []


Overfull \hbox (6.79999pt too wide) in paragraph at lines 272--281
[]
 []


Underfull \hbox (badness 10000) in paragraph at lines 272--281

 []

<8.png, id=36, 1863.96375pt x 985.6825pt>
File: 8.png Graphic file (type png)
 <use 8.png>
Package pdftex.def Info: 8.png used on input line 288.
(pdftex.def)             Requested size: 430.00462pt x 227.37901pt.
 [10]
<9.png, id=40, 1863.96375pt x 985.6825pt>
File: 9.png Graphic file (type png)
 <use 9.png>
Package pdftex.def Info: 9.png used on input line 293.
(pdftex.def)             Requested size: 430.00462pt x 227.37901pt.

<10.png, id=41, 1863.96375pt x 985.6825pt>
File: 10.png Graphic file (type png)
 <use 10.png>
Package pdftex.def Info: 10.png used on input line 298.
(pdftex.def)             Requested size: 430.00462pt x 227.37901pt.
 [11 <./8.png> <./9.png>]
Overfull \hbox (6.79999pt too wide) in paragraph at lines 304--312
[]
 []


Underfull \hbox (badness 10000) in paragraph at lines 304--312

 []

[12 <./10.png>] [13]
Underfull \hbox (badness 10000) in paragraph at lines 320--321

 []


Underfull \hbox (badness 10000) in paragraph at lines 322--323

 []


Underfull \hbox (badness 10000) in paragraph at lines 323--325

 []


Underfull \hbox (badness 10000) in paragraph at lines 325--326

 []


Overfull \hbox (36.79999pt too wide) in paragraph at lines 326--335
[] 
 []


Underfull \hbox (badness 10000) in paragraph at lines 326--335

 []


Underfull \hbox (badness 10000) in paragraph at lines 335--336

 []

<csrf.png, id=52, 813.0375pt x 751.80875pt>
File: csrf.png Graphic file (type png)
 <use csrf.png>
Package pdftex.def Info: csrf.png used on input line 344.
(pdftex.def)             Requested size: 430.00462pt x 397.6193pt.

Overfull \hbox (6.79999pt too wide) in paragraph at lines 340--346
[]
 []

[14] <csrf1.png, id=57, 1860.9525pt x 985.6825pt>
File: csrf1.png Graphic file (type png)
 <use csrf1.png>
Package pdftex.def Info: csrf1.png used on input line 351.
(pdftex.def)             Requested size: 430.00462pt x 227.75502pt.

Overfull \hbox (6.79999pt too wide) in paragraph at lines 347--353
[]
 []


Overfull \hbox (6.79999pt too wide) in paragraph at lines 354--363
[]
 []

[15 <./csrf.png> <./csrf1.png>] <csrf2.png, id=61, 564.1075pt x 242.9075pt>
File: csrf2.png Graphic file (type png)

<use csrf2.png>
Package pdftex.def Info: csrf2.png used on input line 368.
(pdftex.def)             Requested size: 430.00462pt x 185.16386pt.

Overfull \hbox (6.79999pt too wide) in paragraph at lines 364--370
[]
 []

<csrf3.png, id=62, 1860.9525pt x 985.6825pt>
File: csrf3.png Graphic file (type png)
 <use csrf3.png>
Package pdftex.def Info: csrf3.png used on input line 375.
(pdftex.def)             Requested size: 430.00462pt x 227.75502pt.

Overfull \hbox (6.79999pt too wide) in paragraph at lines 371--377
[]
 []

<csrf4.png, id=63, 1860.9525pt x 985.6825pt>
File: csrf4.png Graphic file (type png)
 <use csrf4.png>
Package pdftex.def Info: csrf4.png used on input line 382.
(pdftex.def)             Requested size: 430.00462pt x 227.75502pt.

Overfull \hbox (6.79999pt too wide) in paragraph at lines 378--384
[]
 []

[16 <./csrf2.png> <./csrf3.png>]
Overfull \hbox (6.79999pt too wide) in paragraph at lines 387--395
[]
 []

<csrf5.png, id=67, 1860.9525pt x 985.6825pt>
File: csrf5.png Graphic file (type png)
 <use csrf5.png>
Package pdftex.def Info: csrf5.png used on input line 400.
(pdftex.def)             Requested size: 430.00462pt x 227.75502pt.

Overfull \hbox (6.79999pt too wide) in paragraph at lines 396--402
[]
 []

[17 <./csrf4.png> <./csrf5.png>] <filter.png, id=71, 661.47125pt x 273.02pt>
File: filter.png Graphic file (type png)

<use filter.png>
Package pdftex.def Info: filter.png used on input line 412.
(pdftex.def)             Requested size: 430.00462pt x 177.48172pt.

Overfull \hbox (6.79999pt too wide) in paragraph at lines 407--414
[]
 []


Overfull \hbox (6.79999pt too wide) in paragraph at lines 419--425
[]
 []


Overfull \hbox (6.79999pt too wide) in paragraph at lines 430--436
[]
 []


Overfull \hbox (6.79999pt too wide) in paragraph at lines 441--447
[]
 []

[18 <./filter.png>] <filter3.png, id=75, 1847.90375pt x 984.67876pt>
File: filter3.png Graphic file (type png)

<use filter3.png>
Package pdftex.def Info: filter3.png used on input line 452.
(pdftex.def)             Requested size: 430.00462pt x 229.13077pt.

Overfull \hbox (6.79999pt too wide) in paragraph at lines 448--454
[]
 []

<filter1.png, id=76, 1862.96pt x 985.6825pt>
File: filter1.png Graphic file (type png)
 <use filter1.png>
Package pdftex.def Info: filter1.png used on input line 459.
(pdftex.def)             Requested size: 430.00462pt x 227.51437pt.

Overfull \hbox (6.79999pt too wide) in paragraph at lines 455--461
[]
 []

<filter2.png, id=77, 1862.96pt x 985.6825pt>
File: filter2.png Graphic file (type png)
 <use filter2.png>
Package pdftex.def Info: filter2.png used on input line 466.
(pdftex.def)             Requested size: 430.00462pt x 227.51437pt.

Overfull \hbox (6.79999pt too wide) in paragraph at lines 462--468
[]
 []

[19 <./filter3.png> <./filter1.png>]
<filter4.png, id=82, 679.53876pt x 343.2825pt>
File: filter4.png Graphic file (type png)
 <use filter4.png>
Package pdftex.def Info: filter4.png used on input line 475.
(pdftex.def)             Requested size: 430.00462pt x 217.22243pt.

Overfull \hbox (6.79999pt too wide) in paragraph at lines 471--477
[]
 []


Overfull \hbox (6.79999pt too wide) in paragraph at lines 483--489
[]
 []

[20 <./filter2.png> <./filter4.png>]
Overfull \hbox (6.79999pt too wide) in paragraph at lines 490--496
[]
 []


Overfull \hbox (6.79999pt too wide) in paragraph at lines 501--510
[]
 []


Overfull \hbox (6.79999pt too wide) in paragraph at lines 511--517
[]
 []


Overfull \hbox (6.79999pt too wide) in paragraph at lines 520--529
[]
 []


Overfull \hbox (6.79999pt too wide) in paragraph at lines 530--536
[]
 []


Overfull \hbox (6.79999pt too wide) in paragraph at lines 539--545
[]
 []

[21] <sql8.png, id=89, 582.175pt x 296.10625pt>
File: sql8.png Graphic file (type png)
 <use sql8.png>
Package pdftex.def Info: sql8.png used on input line 560.
(pdftex.def)             Requested size: 430.00462pt x 218.71306pt.

Overfull \hbox (6.79999pt too wide) in paragraph at lines 554--562
[]
 []

<sql1.png, id=90, 347.2975pt x 330.23375pt>
File: sql1.png Graphic file (type png)
 <use sql1.png>
Package pdftex.def Info: sql1.png used on input line 569.
(pdftex.def)             Requested size: 215.0023pt x 204.4455pt.

Overfull \hbox (6.79999pt too wide) in paragraph at lines 563--571
[]
 []

<sql2.png, id=91, 811.03pt x 348.30125pt>
File: sql2.png Graphic file (type png)
 <use sql2.png>
Package pdftex.def Info: sql2.png used on input line 578.
(pdftex.def)             Requested size: 430.00462pt x 184.67319pt.

Overfull \hbox (6.79999pt too wide) in paragraph at lines 574--580
[]
 []

[22 <./sql8.png> <./sql1.png>] <sql3.png, id=95, 992.70876pt x 82.3075pt>
File: sql3.png Graphic file (type png)

<use sql3.png>
Package pdftex.def Info: sql3.png used on input line 585.
(pdftex.def)             Requested size: 430.00462pt x 35.65276pt.

Overfull \hbox (6.79999pt too wide) in paragraph at lines 581--587
[]
 []

<sql4.png, id=96, 993.7125pt x 132.495pt>
File: sql4.png Graphic file (type png)
 <use sql4.png>
Package pdftex.def Info: sql4.png used on input line 592.
(pdftex.def)             Requested size: 430.00462pt x 57.33362pt.

Overfull \hbox (6.79999pt too wide) in paragraph at lines 588--594
[]
 []

<sql5.png, id=97, 993.7125pt x 132.495pt>
File: sql5.png Graphic file (type png)
 <use sql5.png>
Package pdftex.def Info: sql5.png used on input line 599.
(pdftex.def)             Requested size: 430.00462pt x 57.33362pt.

Overfull \hbox (6.79999pt too wide) in paragraph at lines 595--601
[]
 []

<sql6.png, id=98, 811.03pt x 348.30125pt>
File: sql6.png Graphic file (type png)
 <use sql6.png>
Package pdftex.def Info: sql6.png used on input line 610.
(pdftex.def)             Requested size: 430.00462pt x 184.67319pt.

Overfull \hbox (6.79999pt too wide) in paragraph at lines 606--612
[]
 []

[23 <./sql2.png> <./sql3.png> <./sql4.png> <./sql5.png>]
<sql7.png, id=102, 993.7125pt x 132.495pt>
File: sql7.png Graphic file (type png)
 <use sql7.png>
Package pdftex.def Info: sql7.png used on input line 617.
(pdftex.def)             Requested size: 430.00462pt x 57.33362pt.

Overfull \hbox (6.79999pt too wide) in paragraph at lines 613--619
[]
 []

[24 <./sql6.png> <./sql7.png>]
Overfull \hbox (6.79999pt too wide) in paragraph at lines 623--633
[]
 []


Overfull \hbox (6.79999pt too wide) in paragraph at lines 634--649
[]
 []


Underfull \hbox (badness 10000) in paragraph at lines 650--651

 []

<xss.png, id=106, 1043.9pt x 739.76375pt>
File: xss.png Graphic file (type png)
 <use xss.png>
Package pdftex.def Info: xss.png used on input line 658.
(pdftex.def)             Requested size: 430.00462pt x 304.72737pt.

Overfull \hbox (6.79999pt too wide) in paragraph at lines 652--660
[]
 []


Underfull \hbox (badness 10000) in paragraph at lines 652--660

 []

[25]
Overfull \hbox (6.79999pt too wide) in paragraph at lines 662--671
[]
 []


Overfull \hbox (6.79999pt too wide) in paragraph at lines 672--680
[]
 []


Overfull \hbox (6.79999pt too wide) in paragraph at lines 681--689
[]
 []


Underfull \hbox (badness 10000) in paragraph at lines 681--689

 []

<12.png, id=111, 389.455pt x 124.465pt>
File: 12.png Graphic file (type png)
 <use 12.png>
Package pdftex.def Info: 12.png used on input line 697.
(pdftex.def)             Requested size: 215.0023pt x 68.71045pt.

<13.png, id=112, 326.21875pt x 87.32625pt>
File: 13.png Graphic file (type png)
 <use 13.png>
Package pdftex.def Info: 13.png used on input line 705.
(pdftex.def)             Requested size: 171.99922pt x 46.04417pt.

<14.png, id=113, 240.9pt x 142.5325pt>
File: 14.png Graphic file (type png)
 <use 14.png>
Package pdftex.def Info: 14.png used on input line 713.
(pdftex.def)             Requested size: 215.0023pt x 127.21236pt.

Overfull \hbox (6.79999pt too wide) in paragraph at lines 691--714
[]
 []


Overfull \hbox (6.79999pt too wide) in paragraph at lines 691--714
[]
 []


Overfull \hbox (6.79999pt too wide) in paragraph at lines 691--714
[] 
 []

[26 <./xss.png>] <15.png, id=117, 779.91376pt x 241.90375pt>
File: 15.png Graphic file (type png)
 <use 15.png>
Package pdftex.def Info: 15.png used on input line 721.
(pdftex.def)             Requested size: 387.00153pt x 120.03247pt.

<16.png, id=118, 499.8675pt x 63.23625pt>
File: 16.png Graphic file (type png)
 <use 16.png>
Package pdftex.def Info: 16.png used on input line 729.
(pdftex.def)             Requested size: 215.0023pt x 27.19876pt.

<17.png, id=119, 240.9pt x 144.54pt>
File: 17.png Graphic file (type png)
 <use 17.png>
Package pdftex.def Info: 17.png used on input line 737.
(pdftex.def)             Requested size: 215.0023pt x 129.00407pt.

Overfull \hbox (6.79999pt too wide) in paragraph at lines 715--738
[]
 []


Overfull \hbox (6.79999pt too wide) in paragraph at lines 715--738
[]
 []


Overfull \hbox (6.79999pt too wide) in paragraph at lines 715--738
[] 
 []

[27 <./12.png> <./13.png> <./14.png> <./15.png> <./16.png>]
Overfull \hbox (6.79999pt too wide) in paragraph at lines 739--747
[]
 []


Overfull \hbox (6.79999pt too wide) in paragraph at lines 748--756
[]
 []

<18.png, id=123, 879.285pt x 405.515pt>
File: 18.png Graphic file (type png)
 <use 18.png>
Package pdftex.def Info: 18.png used on input line 763.
(pdftex.def)             Requested size: 430.00462pt x 198.30806pt.

Overfull \hbox (6.79999pt too wide) in paragraph at lines 759--765
[]
 []

<19.png, id=124, 1927.2pt x 987.69pt>
File: 19.png Graphic file (type png)
 <use 19.png>
Package pdftex.def Info: 19.png used on input line 770.
(pdftex.def)             Requested size: 430.00462pt x 220.36693pt.

Overfull \hbox (6.79999pt too wide) in paragraph at lines 766--772
[]
 []

[28 <./17.png> <./18.png>] <20.png, id=128, 1927.2pt x 987.69pt>
File: 20.png Graphic file (type png)
 <use 20.png>
Package pdftex.def Info: 20.png used on input line 777.
(pdftex.def)             Requested size: 430.00462pt x 220.36693pt.

Overfull \hbox (6.79999pt too wide) in paragraph at lines 773--779
[]
 []


Overfull \hbox (6.79999pt too wide) in paragraph at lines 783--789
[]
 []

<23.png, id=129, 878.28125pt x 392.46625pt>
File: 23.png Graphic file (type png)
 <use 23.png>
Package pdftex.def Info: 23.png used on input line 794.
(pdftex.def)             Requested size: 430.00462pt x 192.15443pt.

Overfull \hbox (6.79999pt too wide) in paragraph at lines 790--796
[]
 []

[29 <./19.png> <./20.png>] <24.png, id=133, 1862.96pt x 986.68625pt>
File: 24.png Graphic file (type png)

<use 24.png>
Package pdftex.def Info: 24.png used on input line 801.
(pdftex.def)             Requested size: 430.00462pt x 227.74606pt.

Overfull \hbox (6.79999pt too wide) in paragraph at lines 797--803
[]
 []


Overfull \hbox (6.79999pt too wide) in paragraph at lines 808--814
[]
 []

<25.png, id=134, 873.2625pt x 393.47pt>
File: 25.png Graphic file (type png)
 <use 25.png>
Package pdftex.def Info: 25.png used on input line 819.
(pdftex.def)             Requested size: 430.00462pt x 193.75058pt.

Overfull \hbox (6.79999pt too wide) in paragraph at lines 815--821
[]
 []

[30 <./23.png> <./24.png>] <26.png, id=138, 1862.96pt x 986.68625pt>
File: 26.png Graphic file (type png)

<use 26.png>
Package pdftex.def Info: 26.png used on input line 826.
(pdftex.def)             Requested size: 430.00462pt x 227.74606pt.

Overfull \hbox (6.79999pt too wide) in paragraph at lines 822--828
[]
 []


Overfull \hbox (6.79999pt too wide) in paragraph at lines 833--841
[]
 []


Overfull \hbox (1.64363pt too wide) in paragraph at lines 842--848
[]\T1/lmr/m/n/10 Du coup, com-ment peux-t-on s'af-fran-chir de ce fil-trage de 
guille-mets ? LES AC-CENTS GRAVES !
 []


Overfull \hbox (6.79999pt too wide) in paragraph at lines 842--848
[]
 []

[31 <./25.png> <./26.png>] <27.png, id=143, 878.28125pt x 392.46625pt>
File: 27.png Graphic file (type png)

<use 27.png>
Package pdftex.def Info: 27.png used on input line 853.
(pdftex.def)             Requested size: 430.00462pt x 192.15443pt.

Overfull \hbox (6.79999pt too wide) in paragraph at lines 849--855
[]
 []

<28.png, id=144, 1862.96pt x 986.68625pt>
File: 28.png Graphic file (type png)
 <use 28.png>
Package pdftex.def Info: 28.png used on input line 860.
(pdftex.def)             Requested size: 430.00462pt x 227.74606pt.

Overfull \hbox (6.79999pt too wide) in paragraph at lines 856--862
[]
 []


Overfull \hbox (6.79999pt too wide) in paragraph at lines 865--871
[]
 []

<xss1.png, id=145, 1862.96pt x 985.6825pt>
File: xss1.png Graphic file (type png)
 <use xss1.png>
Package pdftex.def Info: xss1.png used on input line 876.
(pdftex.def)             Requested size: 430.00462pt x 227.51437pt.

Overfull \hbox (6.79999pt too wide) in paragraph at lines 872--878
[]
 []

[32 <./27.png> <./28.png>]
Underfull \hbox (badness 10000) in paragraph at lines 883--884

 []


Overfull \hbox (6.79999pt too wide) in paragraph at lines 885--893
[]
 []


Overfull \hbox (6.79999pt too wide) in paragraph at lines 894--900
[]
 []

<xss2.png, id=149, 1862.96pt x 985.6825pt>
File: xss2.png Graphic file (type png)
 <use xss2.png>
Package pdftex.def Info: xss2.png used on input line 905.
(pdftex.def)             Requested size: 430.00462pt x 227.51437pt.

Overfull \hbox (6.79999pt too wide) in paragraph at lines 901--907
[]
 []

[33 <./xss1.png>]
Underfull \hbox (badness 10000) in paragraph at lines 908--909

 []


Underfull \hbox (badness 10000) in paragraph at lines 922--922
[]\T1/lmr/m/n/7 &#0000106&#0000097&#0000118&#0000097&#0000115&#0000099&#0000114
&#0000105&#0000112&#0000116
 []


Underfull \hbox (badness 10000) in paragraph at lines 922--922
\T1/lmr/m/n/7 &#0000058&#0000097&#0000108&#0000101&#0000114&#0000116&#0000040&#
0000039&#0000088&#0000083
 []


Overfull \hbox (2.21263pt too wide) in paragraph at lines 922--922
\T1/lmr/m/n/7 &#106 ;&#97 ;&#118 ;&#97 ;&#115 ;&#99 ;&#114 ;&#105 ;&#112 ;&#116
 ;&#58 ;&#97 ;&#108 ;&#101 ;&#114 ;&#116 ;
 []


Underfull \hbox (badness 10000) in paragraph at lines 922--922
\T1/lmr/m/n/7 &#x6A&#x61&#x76&#x61&#x73&#x63&#x72&#x69&#x70&#x74&#x3A&#x61&#x6C
&#x65
 []


Overfull \hbox (6.79999pt too wide) in paragraph at lines 910--924
[]
 []


Overfull \hbox (6.79999pt too wide) in paragraph at lines 929--935
[]
 []

<xss3.png, id=153, 1862.96pt x 985.6825pt>
File: xss3.png Graphic file (type png)
 <use xss3.png>
Package pdftex.def Info: xss3.png used on input line 940.
(pdftex.def)             Requested size: 430.00462pt x 227.51437pt.

Overfull \hbox (6.79999pt too wide) in paragraph at lines 936--942
[]
 []

[34 <./xss2.png>]
Overfull \hbox (6.79999pt too wide) in paragraph at lines 943--949
[]
 []

<xss4.png, id=157, 1862.96pt x 985.6825pt>
File: xss4.png Graphic file (type png)
 <use xss4.png>
Package pdftex.def Info: xss4.png used on input line 954.
(pdftex.def)             Requested size: 430.00462pt x 227.51437pt.

Overfull \hbox (6.79999pt too wide) in paragraph at lines 950--956
[]
 []


Underfull \hbox (badness 10000) in paragraph at lines 959--961

 []

[35 <./xss3.png> <./xss4.png>]
Overfull \hbox (6.79999pt too wide) in paragraph at lines 962--968
[]
 []

<xss5.png, id=161, 1862.96pt x 985.6825pt>
File: xss5.png Graphic file (type png)
 <use xss5.png>
Package pdftex.def Info: xss5.png used on input line 973.
(pdftex.def)             Requested size: 430.00462pt x 227.51437pt.

Overfull \hbox (6.79999pt too wide) in paragraph at lines 969--975
[]
 []

[36 <./xss5.png>] <cve1.png, id=165, 518.93875pt x 256.96pt>
File: cve1.png Graphic file (type png)
 <use cve1.png>
Package pdftex.def Info: cve1.png used on input line 984.
(pdftex.def)             Requested size: 430.00462pt x 212.93562pt.

Overfull \hbox (6.79999pt too wide) in paragraph at lines 980--986
[]
 []

<cve2.png, id=166, 993.7125pt x 82.3075pt>
File: cve2.png Graphic file (type png)
 <use cve2.png>
Package pdftex.def Info: cve2.png used on input line 991.
(pdftex.def)             Requested size: 430.00462pt x 35.61633pt.

Overfull \hbox (6.79999pt too wide) in paragraph at lines 987--993
[]
 []


Underfull \hbox (badness 10000) in paragraph at lines 994--995

 []


Underfull \hbox (badness 10000) in paragraph at lines 996--997

 []

[37 <./cve1.png> <./cve2.png>]
Overfull \hbox (6.79999pt too wide) in paragraph at lines 1002--1008
[]
 []


Overfull \hbox (6.79999pt too wide) in paragraph at lines 1009--1017
[]
 []


Overfull \hbox (6.79999pt too wide) in paragraph at lines 1018--1027
[]
 []


Overfull \hbox (6.79999pt too wide) in paragraph at lines 1028--1044
[]
 []

[38] [39] (presentation.aux) ) 
Here is how much of TeX's memory you used:
 3982 strings out of 493673
 52939 string characters out of 3141527
 225347 words of memory out of 3000000
 7222 multiletter control sequences out of 15000+200000
 39382 words of font info for 33 fonts, out of 3000000 for 9000
 1025 hyphenation exceptions out of 8191
 28i,12n,43p,792b,439s stack positions out of 5000i,500n,10000p,200000b,50000s
{C:/Program Files (x86)/MiKTeX 2.9/fonts/enc/dvip
s/lm/lm-ec.enc}<C:/Program Files (x86)/MiKTeX 2.9/fonts/type1/public/lm/lmbx10.
pfb><C:/Program Files (x86)/MiKTeX 2.9/fonts/type1/public/lm/lmbx12.pfb><C:/Pro
gram Files (x86)/MiKTeX 2.9/fonts/type1/public/lm/lmr10.pfb><C:/Program Files (
x86)/MiKTeX 2.9/fonts/type1/public/lm/lmr7.pfb>
Output written on presentation.pdf (39 pages, 2789121 bytes).
PDF statistics:
 194 PDF objects out of 1000 (max. 8388607)
 0 named destinations out of 1000 (max. 500000)
 241 words of extra memory for PDF output out of 10000 (max. 10000000)

